<?xml version="1.0" encoding="UTF-8"?>
<testsuite name="hello.ApplicationTests" tests="5" skipped="0" failures="0" errors="0" timestamp="2016-09-21T16:24:32" hostname="TaqwaIt-PC" time="0.627">
  <properties/>
  <testcase name="accessUnsecuredResourceThenOk" classname="hello.ApplicationTests" time="0.389"/>
  <testcase name="accessSecuredResourceUnauthenticatedThenRedirectsToLogin" classname="hello.ApplicationTests" time="0.014"/>
  <testcase name="loginWithInvalidUserThenUnauthenticated" classname="hello.ApplicationTests" time="0.021"/>
  <testcase name="loginWithValidUserThenAuthenticated" classname="hello.ApplicationTests" time="0.009"/>
  <testcase name="accessSecuredResourceAuthenticatedThenOk" classname="hello.ApplicationTests" time="0.185"/>
  <system-out><![CDATA[22:24:27.430 [Test worker] DEBUG org.springframework.test.context.junit4.SpringJUnit4ClassRunner - SpringJUnit4ClassRunner constructor called with [class hello.ApplicationTests]
22:24:27.434 [Test worker] DEBUG org.springframework.test.context.BootstrapUtils - Instantiating CacheAwareContextLoaderDelegate from class [org.springframework.test.context.cache.DefaultCacheAwareContextLoaderDelegate]
22:24:27.441 [Test worker] DEBUG org.springframework.test.context.BootstrapUtils - Instantiating BootstrapContext using constructor [public org.springframework.test.context.support.DefaultBootstrapContext(java.lang.Class,org.springframework.test.context.CacheAwareContextLoaderDelegate)]
22:24:27.458 [Test worker] DEBUG org.springframework.test.context.BootstrapUtils - Instantiating TestContextBootstrapper for test class [hello.ApplicationTests] from class [org.springframework.boot.test.context.SpringBootTestContextBootstrapper]
22:24:27.470 [Test worker] INFO org.springframework.boot.test.context.SpringBootTestContextBootstrapper - Neither @ContextConfiguration nor @ContextHierarchy found for test class [hello.ApplicationTests], using SpringBootContextLoader
22:24:27.474 [Test worker] DEBUG org.springframework.test.context.support.AbstractContextLoader - Did not detect default resource location for test class [hello.ApplicationTests]: class path resource [hello/ApplicationTests-context.xml] does not exist
22:24:27.474 [Test worker] DEBUG org.springframework.test.context.support.AbstractContextLoader - Did not detect default resource location for test class [hello.ApplicationTests]: class path resource [hello/ApplicationTestsContext.groovy] does not exist
22:24:27.474 [Test worker] INFO org.springframework.test.context.support.AbstractContextLoader - Could not detect default resource locations for test class [hello.ApplicationTests]: no resource found for suffixes {-context.xml, Context.groovy}.
22:24:27.475 [Test worker] INFO org.springframework.test.context.support.AnnotationConfigContextLoaderUtils - Could not detect default configuration classes for test class [hello.ApplicationTests]: ApplicationTests does not declare any static, non-private, non-final, nested classes annotated with @Configuration.
22:24:27.519 [Test worker] DEBUG org.springframework.test.context.support.ActiveProfilesUtils - Could not find an 'annotation declaring class' for annotation type [org.springframework.test.context.ActiveProfiles] and class [hello.ApplicationTests]
22:24:27.561 [Test worker] DEBUG org.springframework.core.env.StandardEnvironment - Adding [systemProperties] PropertySource with lowest search precedence
22:24:27.562 [Test worker] DEBUG org.springframework.core.env.StandardEnvironment - Adding [systemEnvironment] PropertySource with lowest search precedence
22:24:27.562 [Test worker] DEBUG org.springframework.core.env.StandardEnvironment - Initialized StandardEnvironment with PropertySources [systemProperties,systemEnvironment]
22:24:27.577 [Test worker] DEBUG org.springframework.core.io.support.PathMatchingResourcePatternResolver - Resolved classpath location [hello/] to resources [URL [file:/C:/Users/Taqwa%20It/Desktop/gs-securing-web/complete/build/classes/test/hello/], URL [file:/C:/Users/Taqwa%20It/Desktop/gs-securing-web/complete/build/classes/main/hello/]]
22:24:27.578 [Test worker] DEBUG org.springframework.core.io.support.PathMatchingResourcePatternResolver - Looking for matching resources in directory tree [C:\Users\Taqwa It\Desktop\gs-securing-web\complete\build\classes\test\hello]
22:24:27.578 [Test worker] DEBUG org.springframework.core.io.support.PathMatchingResourcePatternResolver - Searching directory [C:\Users\Taqwa It\Desktop\gs-securing-web\complete\build\classes\test\hello] for files matching pattern [C:/Users/Taqwa It/Desktop/gs-securing-web/complete/build/classes/test/hello/*.class]
22:24:27.581 [Test worker] DEBUG org.springframework.core.io.support.PathMatchingResourcePatternResolver - Looking for matching resources in directory tree [C:\Users\Taqwa It\Desktop\gs-securing-web\complete\build\classes\main\hello]
22:24:27.581 [Test worker] DEBUG org.springframework.core.io.support.PathMatchingResourcePatternResolver - Searching directory [C:\Users\Taqwa It\Desktop\gs-securing-web\complete\build\classes\main\hello] for files matching pattern [C:/Users/Taqwa It/Desktop/gs-securing-web/complete/build/classes/main/hello/*.class]
22:24:27.582 [Test worker] DEBUG org.springframework.core.io.support.PathMatchingResourcePatternResolver - Resolved location pattern [classpath*:hello/*.class] to resources [file [C:\Users\Taqwa It\Desktop\gs-securing-web\complete\build\classes\test\hello\ApplicationTests.class], file [C:\Users\Taqwa It\Desktop\gs-securing-web\complete\build\classes\main\hello\Application.class], file [C:\Users\Taqwa It\Desktop\gs-securing-web\complete\build\classes\main\hello\CustomFilter.class], file [C:\Users\Taqwa It\Desktop\gs-securing-web\complete\build\classes\main\hello\CustomSuccessHandler.class], file [C:\Users\Taqwa It\Desktop\gs-securing-web\complete\build\classes\main\hello\MvcConfig.class], file [C:\Users\Taqwa It\Desktop\gs-securing-web\complete\build\classes\main\hello\WebSecurityConfig.class]]
22:24:27.619 [Test worker] DEBUG org.springframework.context.annotation.ClassPathScanningCandidateComponentProvider - Identified candidate component class: file [C:\Users\Taqwa It\Desktop\gs-securing-web\complete\build\classes\main\hello\Application.class]
22:24:27.631 [Test worker] INFO org.springframework.boot.test.context.SpringBootTestContextBootstrapper - Found @SpringBootConfiguration hello.Application for test class hello.ApplicationTests
22:24:27.636 [Test worker] DEBUG org.springframework.boot.test.context.SpringBootTestContextBootstrapper - @TestExecutionListeners is not present for class [hello.ApplicationTests]: using defaults.
22:24:27.638 [Test worker] INFO org.springframework.boot.test.context.SpringBootTestContextBootstrapper - Loaded default TestExecutionListener class names from location [META-INF/spring.factories]: [org.springframework.security.test.context.support.WithSecurityContextTestExecutionListener, org.springframework.boot.test.mock.mockito.MockitoTestExecutionListener, org.springframework.boot.test.mock.mockito.ResetMocksTestExecutionListener, org.springframework.boot.test.autoconfigure.AutoConfigureReportTestExecutionListener, org.springframework.boot.test.autoconfigure.restdocs.RestDocsTestExecutionListener, org.springframework.boot.test.autoconfigure.web.client.MockRestServiceServerResetTestExecutionListener, org.springframework.test.context.web.ServletTestExecutionListener, org.springframework.test.context.support.DirtiesContextBeforeModesTestExecutionListener, org.springframework.test.context.support.DependencyInjectionTestExecutionListener, org.springframework.test.context.support.DirtiesContextTestExecutionListener, org.springframework.test.context.transaction.TransactionalTestExecutionListener, org.springframework.test.context.jdbc.SqlScriptsTestExecutionListener]
22:24:27.644 [Test worker] INFO org.springframework.boot.test.context.SpringBootTestContextBootstrapper - Could not instantiate TestExecutionListener [org.springframework.test.context.jdbc.SqlScriptsTestExecutionListener]. Specify custom listener classes or make the default listener classes (and their required dependencies) available. Offending class: [org/springframework/transaction/interceptor/TransactionAttribute]
22:24:27.646 [Test worker] INFO org.springframework.boot.test.context.SpringBootTestContextBootstrapper - Could not instantiate TestExecutionListener [org.springframework.test.context.transaction.TransactionalTestExecutionListener]. Specify custom listener classes or make the default listener classes (and their required dependencies) available. Offending class: [org/springframework/transaction/TransactionDefinition]
22:24:27.648 [Test worker] INFO org.springframework.boot.test.context.SpringBootTestContextBootstrapper - Using TestExecutionListeners: [org.springframework.test.context.web.ServletTestExecutionListener@1ac9ae3, org.springframework.test.context.support.DirtiesContextBeforeModesTestExecutionListener@ecd2de, org.springframework.boot.test.autoconfigure.AutoConfigureReportTestExecutionListener@81f8f, org.springframework.test.context.support.DependencyInjectionTestExecutionListener@14ffad7, org.springframework.test.context.support.DirtiesContextTestExecutionListener@1dd7880, org.springframework.security.test.context.support.WithSecurityContextTestExecutionListener@1123c41, org.springframework.boot.test.autoconfigure.web.client.MockRestServiceServerResetTestExecutionListener@32033e, org.springframework.boot.test.mock.mockito.MockitoTestExecutionListener@172e3c0, org.springframework.boot.test.autoconfigure.restdocs.RestDocsTestExecutionListener@1c674d8, org.springframework.boot.test.mock.mockito.ResetMocksTestExecutionListener@21275b]
22:24:27.651 [Test worker] DEBUG org.springframework.test.annotation.ProfileValueUtils - Retrieved @ProfileValueSourceConfiguration [null] for test class [hello.ApplicationTests]
22:24:27.651 [Test worker] DEBUG org.springframework.test.annotation.ProfileValueUtils - Retrieved ProfileValueSource type [class org.springframework.test.annotation.SystemProfileValueSource] for class [hello.ApplicationTests]
22:24:27.652 [Test worker] DEBUG org.springframework.test.annotation.ProfileValueUtils - Retrieved @ProfileValueSourceConfiguration [null] for test class [hello.ApplicationTests]
22:24:27.652 [Test worker] DEBUG org.springframework.test.annotation.ProfileValueUtils - Retrieved ProfileValueSource type [class org.springframework.test.annotation.SystemProfileValueSource] for class [hello.ApplicationTests]
22:24:27.656 [Test worker] DEBUG org.springframework.test.context.support.AbstractDirtiesContextTestExecutionListener - Before test class: context [DefaultTestContext@16e3ecd testClass = ApplicationTests, testInstance = [null], testMethod = [null], testException = [null], mergedContextConfiguration = [WebMergedContextConfiguration@dd14d9 testClass = ApplicationTests, locations = '{}', classes = '{class hello.Application}', contextInitializerClasses = '[]', activeProfiles = '{}', propertySourceLocations = '{}', propertySourceProperties = '{org.springframework.boot.test.context.SpringBootTestContextBootstrapper=true}', contextCustomizers = set[org.springframework.boot.test.context.ImportsContextCustomizer@8dcafad, org.springframework.boot.test.context.SpringBootTestContextCustomizer@ba3671, org.springframework.boot.test.context.filter.ExcludeFilterContextCustomizer@912767, org.springframework.boot.test.mock.mockito.MockitoContextCustomizer@0, org.springframework.boot.test.autoconfigure.properties.PropertyMappingContextCustomizer@83816547], resourceBasePath = 'src/main/webapp', contextLoader = 'org.springframework.boot.test.context.SpringBootContextLoader', parent = [null]]], class annotated with @DirtiesContext [false] with mode [null].
22:24:27.657 [Test worker] DEBUG org.springframework.test.annotation.ProfileValueUtils - Retrieved @ProfileValueSourceConfiguration [null] for test class [hello.ApplicationTests]
22:24:27.657 [Test worker] DEBUG org.springframework.test.annotation.ProfileValueUtils - Retrieved ProfileValueSource type [class org.springframework.test.annotation.SystemProfileValueSource] for class [hello.ApplicationTests]
22:24:27.685 [Test worker] DEBUG org.springframework.core.env.StandardEnvironment - Adding [systemProperties] PropertySource with lowest search precedence
22:24:27.685 [Test worker] DEBUG org.springframework.core.env.StandardEnvironment - Adding [systemEnvironment] PropertySource with lowest search precedence
22:24:27.685 [Test worker] DEBUG org.springframework.core.env.StandardEnvironment - Initialized StandardEnvironment with PropertySources [systemProperties,systemEnvironment]
22:24:27.686 [Test worker] DEBUG org.springframework.test.context.support.TestPropertySourceUtils - Adding inlined properties to environment: {spring.jmx.enabled=false, org.springframework.boot.test.context.SpringBootTestContextBootstrapper=true, server.port=-1}
22:24:27.686 [Test worker] DEBUG org.springframework.core.env.StandardEnvironment - Adding [Inlined Test Properties] PropertySource with highest search precedence

  .   ____          _            __ _ _
 /\\ / ___'_ __ _ _(_)_ __  __ _ \ \ \ \
( ( )\___ | '_ | '_| | '_ \/ _` | \ \ \ \
 \\/  ___)| |_)| | | | | || (_| |  ) ) ) )
  '  |____| .__|_| |_|_| |_\__, | / / / /
 =========|_|==============|___/=/_/_/_/
 :: Spring Boot ::        (v1.4.0.RELEASE)

2016-09-21 22:24:28.090  INFO 2452 --- [    Test worker] hello.ApplicationTests                   : Starting ApplicationTests on TaqwaIt-PC with PID 2452 (started by Taqwa It in C:\Users\Taqwa It\Desktop\gs-securing-web\complete)
2016-09-21 22:24:28.091  INFO 2452 --- [    Test worker] hello.ApplicationTests                   : No active profile set, falling back to default profiles: default
2016-09-21 22:24:28.373  INFO 2452 --- [    Test worker] o.s.w.c.s.GenericWebApplicationContext   : Refreshing org.springframework.web.context.support.GenericWebApplicationContext@4bfba: startup date [Wed Sep 21 22:24:28 BDT 2016]; root of context hierarchy
2016-09-21 22:24:29.527  WARN 2452 --- [    Test worker] f.a.AutowiredAnnotationBeanPostProcessor : Autowired annotation should be used on methods with parameters: public hello.CustomFilter hello.WebSecurityConfig.getfilter()
2016-09-21 22:24:29.532  WARN 2452 --- [    Test worker] f.a.AutowiredAnnotationBeanPostProcessor : Autowired annotation should be used on methods with parameters: public hello.CustomSuccessHandler hello.WebSecurityConfig.getCustomrSuccessHandler()
2016-09-21 22:24:30.193  INFO 2452 --- [    Test worker] o.s.s.web.DefaultSecurityFilterChain     : Creating filter chain: org.springframework.security.web.util.matcher.AnyRequestMatcher@1, [org.springframework.security.web.context.request.async.WebAsyncManagerIntegrationFilter@154d4a, org.springframework.security.web.context.SecurityContextPersistenceFilter@a3a77, org.springframework.security.web.header.HeaderWriterFilter@1e733d6, org.springframework.security.web.csrf.CsrfFilter@4b6e9, org.springframework.security.web.authentication.logout.LogoutFilter@1dfbeb8, hello.CustomFilter@855d52, org.springframework.security.web.authentication.UsernamePasswordAuthenticationFilter@a385cf, org.springframework.security.web.savedrequest.RequestCacheAwareFilter@eaf285, org.springframework.security.web.servletapi.SecurityContextHolderAwareRequestFilter@1c27878, org.springframework.security.web.authentication.AnonymousAuthenticationFilter@1b1dfe5, org.springframework.security.web.session.SessionManagementFilter@558d66, org.springframework.security.web.access.ExceptionTranslationFilter@a4b228, org.springframework.security.web.access.intercept.FilterSecurityInterceptor@68f6a9]
2016-09-21 22:24:30.625  INFO 2452 --- [    Test worker] o.s.b.t.m.w.SpringBootMockServletContext : Initializing Spring FrameworkServlet ''
2016-09-21 22:24:30.625  INFO 2452 --- [    Test worker] o.s.t.web.servlet.TestDispatcherServlet  : FrameworkServlet '': initialization started
2016-09-21 22:24:30.721  INFO 2452 --- [    Test worker] s.w.s.m.m.a.RequestMappingHandlerMapping : Mapped "{[/error],produces=[text/html]}" onto public org.springframework.web.servlet.ModelAndView org.springframework.boot.autoconfigure.web.BasicErrorController.errorHtml(javax.servlet.http.HttpServletRequest,javax.servlet.http.HttpServletResponse)
2016-09-21 22:24:30.723  INFO 2452 --- [    Test worker] s.w.s.m.m.a.RequestMappingHandlerMapping : Mapped "{[/error]}" onto public org.springframework.http.ResponseEntity<java.util.Map<java.lang.String, java.lang.Object>> org.springframework.boot.autoconfigure.web.BasicErrorController.error(javax.servlet.http.HttpServletRequest)
2016-09-21 22:24:30.748  INFO 2452 --- [    Test worker] o.s.w.s.handler.SimpleUrlHandlerMapping  : Mapped URL path [/home] onto handler of type [class org.springframework.web.servlet.mvc.ParameterizableViewController]
2016-09-21 22:24:30.748  INFO 2452 --- [    Test worker] o.s.w.s.handler.SimpleUrlHandlerMapping  : Root mapping to handler of type [class org.springframework.web.servlet.mvc.ParameterizableViewController]
2016-09-21 22:24:30.748  INFO 2452 --- [    Test worker] o.s.w.s.handler.SimpleUrlHandlerMapping  : Mapped URL path [/hello] onto handler of type [class org.springframework.web.servlet.mvc.ParameterizableViewController]
2016-09-21 22:24:30.748  INFO 2452 --- [    Test worker] o.s.w.s.handler.SimpleUrlHandlerMapping  : Mapped URL path [/login] onto handler of type [class org.springframework.web.servlet.mvc.ParameterizableViewController]
2016-09-21 22:24:30.766  INFO 2452 --- [    Test worker] o.s.w.s.handler.SimpleUrlHandlerMapping  : Mapped URL path [/webjars/**] onto handler of type [class org.springframework.web.servlet.resource.ResourceHttpRequestHandler]
2016-09-21 22:24:30.766  INFO 2452 --- [    Test worker] o.s.w.s.handler.SimpleUrlHandlerMapping  : Mapped URL path [/**] onto handler of type [class org.springframework.web.servlet.resource.ResourceHttpRequestHandler]
2016-09-21 22:24:30.806  INFO 2452 --- [    Test worker] o.s.w.s.handler.SimpleUrlHandlerMapping  : Mapped URL path [/**/favicon.ico] onto handler of type [class org.springframework.web.servlet.resource.ResourceHttpRequestHandler]
2016-09-21 22:24:30.881  INFO 2452 --- [    Test worker] s.w.s.m.m.a.RequestMappingHandlerAdapter : Looking for @ControllerAdvice: org.springframework.web.context.support.GenericWebApplicationContext@4bfba: startup date [Wed Sep 21 22:24:28 BDT 2016]; root of context hierarchy
2016-09-21 22:24:31.533  INFO 2452 --- [    Test worker] o.s.t.web.servlet.TestDispatcherServlet  : FrameworkServlet '': initialization completed in 908 ms
2016-09-21 22:24:32.009  INFO 2452 --- [    Test worker] hello.ApplicationTests                   : Started ApplicationTests in 4.314 seconds (JVM running for 5.008)
inside custom filter
inside custom filter101010
failed to insert user into memory

MockHttpServletRequest:
      HTTP Method = GET
      Request URI = /
       Parameters = {}
          Headers = {}

Handler:
             Type = org.springframework.web.servlet.mvc.ParameterizableViewController

Async:
    Async started = false
     Async result = null

Resolved Exception:
             Type = null

ModelAndView:
        View name = home
             View = null
            Model = null

FlashMap:
       Attributes = null

MockHttpServletResponse:
           Status = 200
    Error message = null
          Headers = {Content-Type=[text/html;charset=UTF-8], X-Content-Type-Options=[nosniff], X-XSS-Protection=[1; mode=block], Cache-Control=[no-cache, no-store, max-age=0, must-revalidate], Pragma=[no-cache], Expires=[0], X-Frame-Options=[DENY]}
     Content type = text/html;charset=UTF-8
             Body = <!DOCTYPE html>

<html xmlns="http://www.w3.org/1999/xhtml" xmlns:sec="http://www.thymeleaf.org/thymeleaf-extras-springsecurity3">
    <head>
        <title>Spring Security Example</title>
    </head>
    <body>
        <h1>Welcome!</h1>
        
        <p>Click <a href="/hello">here</a> to see a greeting.</p>
    </body>
</html>
    Forwarded URL = null
   Redirected URL = null
          Cookies = []
inside custom filter
inside custom filter101010
failed to insert user into memory

MockHttpServletRequest:
      HTTP Method = GET
      Request URI = /hello
       Parameters = {}
          Headers = {}

Handler:
             Type = null

Async:
    Async started = false
     Async result = null

Resolved Exception:
             Type = null

ModelAndView:
        View name = null
             View = null
            Model = null

FlashMap:
       Attributes = null

MockHttpServletResponse:
           Status = 302
    Error message = null
          Headers = {X-Content-Type-Options=[nosniff], X-XSS-Protection=[1; mode=block], Cache-Control=[no-cache, no-store, max-age=0, must-revalidate], Pragma=[no-cache], Expires=[0], X-Frame-Options=[DENY], Location=[http://localhost/login]}
     Content type = null
             Body = 
    Forwarded URL = null
   Redirected URL = http://localhost/login
          Cookies = []
inside custom filter
inside custom filter101010
failed to insert user into memory

MockHttpServletRequest:
      HTTP Method = POST
      Request URI = /login
       Parameters = {username=[invalid], password=[invalidpassword], _csrf=[ba03e86f-3b3a-413d-be67-2a15d2b0a726]}
          Headers = {Accept=[application/x-www-form-urlencoded]}

Handler:
             Type = null

Async:
    Async started = false
     Async result = null

Resolved Exception:
             Type = null

ModelAndView:
        View name = null
             View = null
            Model = null

FlashMap:
       Attributes = null

MockHttpServletResponse:
           Status = 302
    Error message = null
          Headers = {X-Content-Type-Options=[nosniff], X-XSS-Protection=[1; mode=block], Cache-Control=[no-cache, no-store, max-age=0, must-revalidate], Pragma=[no-cache], Expires=[0], X-Frame-Options=[DENY], Location=[/login?error]}
     Content type = null
             Body = 
    Forwarded URL = null
   Redirected URL = /login?error
          Cookies = []
inside custom filter
inside custom filter101010
failed to insert user into memory
inside custom authenticationSuccess
org.springframework.security.web.header.HeaderWriterFilter$HeaderWriterResponse@334d34

MockHttpServletRequest:
      HTTP Method = POST
      Request URI = /login
       Parameters = {username=[user], password=[password], _csrf=[e56cebe0-81ca-4096-94be-b319f2259913]}
          Headers = {Accept=[application/x-www-form-urlencoded]}

Handler:
             Type = null

Async:
    Async started = false
     Async result = null

Resolved Exception:
             Type = null

ModelAndView:
        View name = null
             View = null
            Model = null

FlashMap:
       Attributes = null

MockHttpServletResponse:
           Status = 302
    Error message = null
          Headers = {token=[101010], X-Content-Type-Options=[nosniff], X-XSS-Protection=[1; mode=block], Cache-Control=[no-cache, no-store, max-age=0, must-revalidate], Pragma=[no-cache], Expires=[0], X-Frame-Options=[DENY], Location=[/]}
     Content type = null
             Body = 
    Forwarded URL = null
   Redirected URL = /
          Cookies = []
inside custom filter
inside custom filter101010
failed to insert user into memory

MockHttpServletRequest:
      HTTP Method = GET
      Request URI = /hello
       Parameters = {}
          Headers = {}

Handler:
             Type = org.springframework.web.servlet.mvc.ParameterizableViewController

Async:
    Async started = false
     Async result = null

Resolved Exception:
             Type = null

ModelAndView:
        View name = hello
             View = null
            Model = null

FlashMap:
       Attributes = null

MockHttpServletResponse:
           Status = 200
    Error message = null
          Headers = {Content-Type=[text/html;charset=UTF-8], X-Content-Type-Options=[nosniff], X-XSS-Protection=[1; mode=block], Cache-Control=[no-cache, no-store, max-age=0, must-revalidate], Pragma=[no-cache], Expires=[0], X-Frame-Options=[DENY]}
     Content type = text/html;charset=UTF-8
             Body = <!DOCTYPE html>

<html xmlns="http://www.w3.org/1999/xhtml" xmlns:sec="http://www.thymeleaf.org/thymeleaf-extras-springsecurity3">
    <head>
        <title>Hello World!</title>
    </head>
    <body>
        <h1>Hello user!</h1>
        <form method="post" action="/logout">
            <input type="submit" value="Sign Out" />
        <input type="hidden" name="_csrf" value="fdc22738-36de-4cfa-b9f3-3d83238d314e" /></form>
    </body>
</html>
    Forwarded URL = null
   Redirected URL = null
          Cookies = []
]]></system-out>
  <system-err><![CDATA[]]></system-err>
</testsuite>
